<?xml version="1.0" encoding="UTF-8"?>
<!-- Generated by org.testng.reporters.JUnitReportReporter -->
<testsuite hostname="Home-MainPC" failures="0" tests="1" name="com.rt.test.Test01" time="10.928" errors="0" timestamp="2021-06-20T17:09:13 EDT" skipped="0">
  <testcase classname="com.rt.test.Test01" name="signinToTheApplication" time="10.928"/>
  <system-out>
PASS -- Launched Chrome browser successfully PASS -- Application URL: http://automationpractice.com/index.php PASS -- Window Title :My Store PASS -- Log in page displayed successfully PASS -- Username Matched PASS -- User is logged out successfully  </system-out>
</testsuite> <!-- com.rt.test.Test01 -->
